CRITICAL - 2020-07-11 13:09:12 --> Use of undefined constant sdfsad - assumed 'sdfsad' (this will throw an Error in a future version of PHP)
#0 F:\jellycms\system\View\View.php(244) : eval()'d code(11): CodeIgniter\Debug\Exceptions->errorHandler(2, 'Use of undefine...', 'F:\\jellycms\\sys...', 11, Array)
#1 F:\jellycms\system\View\View.php(244): eval()
#2 F:\jellycms\system\Common.php(1087): CodeIgniter\View\View->render('html/index.html', Array, true)
#3 F:\jellycms\app\home\Controllers\Index.php(27): view('html/index.html', Array)
#4 F:\jellycms\system\CodeIgniter.php(914): App\Controllers\Index->index()
#5 F:\jellycms\system\CodeIgniter.php(400): CodeIgniter\CodeIgniter->runController(Object(App\Controllers\Index))
#6 F:\jellycms\system\CodeIgniter.php(308): CodeIgniter\CodeIgniter->handleRequest(NULL, Object(Config\Cache), false)
#7 F:\jellycms\index.php(20): CodeIgniter\CodeIgniter->run()
#8 {main}
CRITICAL - 2020-07-11 13:09:47 --> Use of undefined constant aaa - assumed 'aaa' (this will throw an Error in a future version of PHP)
#0 F:\jellycms\system\View\View.php(244) : eval()'d code(11): CodeIgniter\Debug\Exceptions->errorHandler(2, 'Use of undefine...', 'F:\\jellycms\\sys...', 11, Array)
#1 F:\jellycms\system\View\View.php(244): eval()
#2 F:\jellycms\system\Common.php(1087): CodeIgniter\View\View->render('html/index.html', Array, true)
#3 F:\jellycms\app\home\Controllers\Index.php(27): view('html/index.html', Array)
#4 F:\jellycms\system\CodeIgniter.php(914): App\Controllers\Index->index()
#5 F:\jellycms\system\CodeIgniter.php(400): CodeIgniter\CodeIgniter->runController(Object(App\Controllers\Index))
#6 F:\jellycms\system\CodeIgniter.php(308): CodeIgniter\CodeIgniter->handleRequest(NULL, Object(Config\Cache), false)
#7 F:\jellycms\index.php(20): CodeIgniter\CodeIgniter->run()
#8 {main}
CRITICAL - 2020-07-11 13:10:20 --> Use of undefined constant aaa - assumed 'aaa' (this will throw an Error in a future version of PHP)
#0 F:\jellycms\system\View\View.php(244) : eval()'d code(11): CodeIgniter\Debug\Exceptions->errorHandler(2, 'Use of undefine...', 'F:\\jellycms\\sys...', 11, Array)
#1 F:\jellycms\system\View\View.php(244): eval()
#2 F:\jellycms\system\Common.php(1087): CodeIgniter\View\View->render('html/index.html', Array, true)
#3 F:\jellycms\app\home\Controllers\Index.php(27): view('html/index.html', Array)
#4 F:\jellycms\system\CodeIgniter.php(914): App\Controllers\Index->index()
#5 F:\jellycms\system\CodeIgniter.php(400): CodeIgniter\CodeIgniter->runController(Object(App\Controllers\Index))
#6 F:\jellycms\system\CodeIgniter.php(308): CodeIgniter\CodeIgniter->handleRequest(NULL, Object(Config\Cache), false)
#7 F:\jellycms\index.php(20): CodeIgniter\CodeIgniter->run()
#8 {main}
CRITICAL - 2020-07-11 13:10:21 --> Use of undefined constant aaa - assumed 'aaa' (this will throw an Error in a future version of PHP)
#0 F:\jellycms\system\View\View.php(244) : eval()'d code(11): CodeIgniter\Debug\Exceptions->errorHandler(2, 'Use of undefine...', 'F:\\jellycms\\sys...', 11, Array)
#1 F:\jellycms\system\View\View.php(244): eval()
#2 F:\jellycms\system\Common.php(1087): CodeIgniter\View\View->render('html/index.html', Array, true)
#3 F:\jellycms\app\home\Controllers\Index.php(27): view('html/index.html', Array)
#4 F:\jellycms\system\CodeIgniter.php(914): App\Controllers\Index->index()
#5 F:\jellycms\system\CodeIgniter.php(400): CodeIgniter\CodeIgniter->runController(Object(App\Controllers\Index))
#6 F:\jellycms\system\CodeIgniter.php(308): CodeIgniter\CodeIgniter->handleRequest(NULL, Object(Config\Cache), false)
#7 F:\jellycms\index.php(20): CodeIgniter\CodeIgniter->run()
#8 {main}
CRITICAL - 2020-07-11 14:11:26 --> Invalid argument supplied for foreach()
#0 F:\jellycms\system\View\View.php(244) : eval()'d code(64): CodeIgniter\Debug\Exceptions->errorHandler(2, 'Invalid argumen...', 'F:\\jellycms\\sys...', 64, Array)
#1 F:\jellycms\system\View\View.php(244): eval()
#2 F:\jellycms\system\Common.php(1087): CodeIgniter\View\View->render('html/area.html', Array, true)
#3 F:\jellycms\app\admin\Controllers\Area.php(27): view('html/area.html', Array)
#4 F:\jellycms\system\CodeIgniter.php(914): App\Controllers\Area->index()
#5 F:\jellycms\system\CodeIgniter.php(400): CodeIgniter\CodeIgniter->runController(Object(App\Controllers\Area))
#6 F:\jellycms\system\CodeIgniter.php(308): CodeIgniter\CodeIgniter->handleRequest(NULL, Object(Config\Cache), false)
#7 F:\jellycms\admin.php(18): CodeIgniter\CodeIgniter->run()
#8 {main}
CRITICAL - 2020-07-11 19:54:04 --> syntax error, unexpected '<'
#0 F:\jellycms\system\Common.php(1087): CodeIgniter\View\View->render('html/index.html', Array, true)
#1 F:\jellycms\app\home\Controllers\Index.php(27): view('html/index.html', Array)
#2 F:\jellycms\system\CodeIgniter.php(914): App\Controllers\Index->index()
#3 F:\jellycms\system\CodeIgniter.php(400): CodeIgniter\CodeIgniter->runController(Object(App\Controllers\Index))
#4 F:\jellycms\system\CodeIgniter.php(308): CodeIgniter\CodeIgniter->handleRequest(NULL, Object(Config\Cache), false)
#5 F:\jellycms\index.php(20): CodeIgniter\CodeIgniter->run()
#6 {main}
CRITICAL - 2020-07-11 19:54:20 --> syntax error, unexpected '<'
#0 F:\jellycms\system\Common.php(1087): CodeIgniter\View\View->render('html/index.html', Array, true)
#1 F:\jellycms\app\home\Controllers\Index.php(27): view('html/index.html', Array)
#2 F:\jellycms\system\CodeIgniter.php(914): App\Controllers\Index->index()
#3 F:\jellycms\system\CodeIgniter.php(400): CodeIgniter\CodeIgniter->runController(Object(App\Controllers\Index))
#4 F:\jellycms\system\CodeIgniter.php(308): CodeIgniter\CodeIgniter->handleRequest(NULL, Object(Config\Cache), false)
#5 F:\jellycms\index.php(20): CodeIgniter\CodeIgniter->run()
#6 {main}
CRITICAL - 2020-07-11 19:54:31 --> syntax error, unexpected '<'
#0 F:\jellycms\system\Common.php(1087): CodeIgniter\View\View->render('html/index.html', Array, true)
#1 F:\jellycms\app\home\Controllers\Index.php(27): view('html/index.html', Array)
#2 F:\jellycms\system\CodeIgniter.php(914): App\Controllers\Index->index()
#3 F:\jellycms\system\CodeIgniter.php(400): CodeIgniter\CodeIgniter->runController(Object(App\Controllers\Index))
#4 F:\jellycms\system\CodeIgniter.php(308): CodeIgniter\CodeIgniter->handleRequest(NULL, Object(Config\Cache), false)
#5 F:\jellycms\index.php(20): CodeIgniter\CodeIgniter->run()
#6 {main}
CRITICAL - 2020-07-11 19:55:29 --> syntax error, unexpected '<'
#0 F:\jellycms\system\Common.php(1087): CodeIgniter\View\View->render('html/index.html', Array, true)
#1 F:\jellycms\app\home\Controllers\Index.php(27): view('html/index.html', Array)
#2 F:\jellycms\system\CodeIgniter.php(914): App\Controllers\Index->index()
#3 F:\jellycms\system\CodeIgniter.php(400): CodeIgniter\CodeIgniter->runController(Object(App\Controllers\Index))
#4 F:\jellycms\system\CodeIgniter.php(308): CodeIgniter\CodeIgniter->handleRequest(NULL, Object(Config\Cache), false)
#5 F:\jellycms\index.php(20): CodeIgniter\CodeIgniter->run()
#6 {main}
CRITICAL - 2020-07-11 19:55:32 --> syntax error, unexpected '<'
#0 F:\jellycms\system\Common.php(1087): CodeIgniter\View\View->render('html/index.html', Array, true)
#1 F:\jellycms\app\home\Controllers\Index.php(27): view('html/index.html', Array)
#2 F:\jellycms\system\CodeIgniter.php(914): App\Controllers\Index->index()
#3 F:\jellycms\system\CodeIgniter.php(400): CodeIgniter\CodeIgniter->runController(Object(App\Controllers\Index))
#4 F:\jellycms\system\CodeIgniter.php(308): CodeIgniter\CodeIgniter->handleRequest(NULL, Object(Config\Cache), false)
#5 F:\jellycms\index.php(20): CodeIgniter\CodeIgniter->run()
#6 {main}
CRITICAL - 2020-07-11 19:57:00 --> syntax error, unexpected '<'
#0 F:\jellycms\system\Common.php(1087): CodeIgniter\View\View->render('html/index.html', Array, true)
#1 F:\jellycms\app\home\Controllers\Index.php(27): view('html/index.html', Array)
#2 F:\jellycms\system\CodeIgniter.php(914): App\Controllers\Index->index()
#3 F:\jellycms\system\CodeIgniter.php(400): CodeIgniter\CodeIgniter->runController(Object(App\Controllers\Index))
#4 F:\jellycms\system\CodeIgniter.php(308): CodeIgniter\CodeIgniter->handleRequest(NULL, Object(Config\Cache), false)
#5 F:\jellycms\index.php(20): CodeIgniter\CodeIgniter->run()
#6 {main}
CRITICAL - 2020-07-11 19:57:04 --> syntax error, unexpected '<'
#0 F:\jellycms\system\Common.php(1087): CodeIgniter\View\View->render('html/index.html', Array, true)
#1 F:\jellycms\app\home\Controllers\Index.php(27): view('html/index.html', Array)
#2 F:\jellycms\system\CodeIgniter.php(914): App\Controllers\Index->index()
#3 F:\jellycms\system\CodeIgniter.php(400): CodeIgniter\CodeIgniter->runController(Object(App\Controllers\Index))
#4 F:\jellycms\system\CodeIgniter.php(308): CodeIgniter\CodeIgniter->handleRequest(NULL, Object(Config\Cache), false)
#5 F:\jellycms\index.php(20): CodeIgniter\CodeIgniter->run()
#6 {main}
CRITICAL - 2020-07-11 19:57:05 --> syntax error, unexpected '<'
#0 F:\jellycms\system\Common.php(1087): CodeIgniter\View\View->render('html/index.html', Array, true)
#1 F:\jellycms\app\home\Controllers\Index.php(27): view('html/index.html', Array)
#2 F:\jellycms\system\CodeIgniter.php(914): App\Controllers\Index->index()
#3 F:\jellycms\system\CodeIgniter.php(400): CodeIgniter\CodeIgniter->runController(Object(App\Controllers\Index))
#4 F:\jellycms\system\CodeIgniter.php(308): CodeIgniter\CodeIgniter->handleRequest(NULL, Object(Config\Cache), false)
#5 F:\jellycms\index.php(20): CodeIgniter\CodeIgniter->run()
#6 {main}
CRITICAL - 2020-07-11 19:57:06 --> syntax error, unexpected '<'
#0 F:\jellycms\system\Common.php(1087): CodeIgniter\View\View->render('html/index.html', Array, true)
#1 F:\jellycms\app\home\Controllers\Index.php(27): view('html/index.html', Array)
#2 F:\jellycms\system\CodeIgniter.php(914): App\Controllers\Index->index()
#3 F:\jellycms\system\CodeIgniter.php(400): CodeIgniter\CodeIgniter->runController(Object(App\Controllers\Index))
#4 F:\jellycms\system\CodeIgniter.php(308): CodeIgniter\CodeIgniter->handleRequest(NULL, Object(Config\Cache), false)
#5 F:\jellycms\index.php(20): CodeIgniter\CodeIgniter->run()
#6 {main}
CRITICAL - 2020-07-11 19:57:07 --> syntax error, unexpected '<'
#0 F:\jellycms\system\Common.php(1087): CodeIgniter\View\View->render('html/index.html', Array, true)
#1 F:\jellycms\app\home\Controllers\Index.php(27): view('html/index.html', Array)
#2 F:\jellycms\system\CodeIgniter.php(914): App\Controllers\Index->index()
#3 F:\jellycms\system\CodeIgniter.php(400): CodeIgniter\CodeIgniter->runController(Object(App\Controllers\Index))
#4 F:\jellycms\system\CodeIgniter.php(308): CodeIgniter\CodeIgniter->handleRequest(NULL, Object(Config\Cache), false)
#5 F:\jellycms\index.php(20): CodeIgniter\CodeIgniter->run()
#6 {main}
CRITICAL - 2020-07-11 19:57:08 --> syntax error, unexpected '<'
#0 F:\jellycms\system\Common.php(1087): CodeIgniter\View\View->render('html/index.html', Array, true)
#1 F:\jellycms\app\home\Controllers\Index.php(27): view('html/index.html', Array)
#2 F:\jellycms\system\CodeIgniter.php(914): App\Controllers\Index->index()
#3 F:\jellycms\system\CodeIgniter.php(400): CodeIgniter\CodeIgniter->runController(Object(App\Controllers\Index))
#4 F:\jellycms\system\CodeIgniter.php(308): CodeIgniter\CodeIgniter->handleRequest(NULL, Object(Config\Cache), false)
#5 F:\jellycms\index.php(20): CodeIgniter\CodeIgniter->run()
#6 {main}
CRITICAL - 2020-07-11 19:57:09 --> syntax error, unexpected '<'
#0 F:\jellycms\system\Common.php(1087): CodeIgniter\View\View->render('html/index.html', Array, true)
#1 F:\jellycms\app\home\Controllers\Index.php(27): view('html/index.html', Array)
#2 F:\jellycms\system\CodeIgniter.php(914): App\Controllers\Index->index()
#3 F:\jellycms\system\CodeIgniter.php(400): CodeIgniter\CodeIgniter->runController(Object(App\Controllers\Index))
#4 F:\jellycms\system\CodeIgniter.php(308): CodeIgniter\CodeIgniter->handleRequest(NULL, Object(Config\Cache), false)
#5 F:\jellycms\index.php(20): CodeIgniter\CodeIgniter->run()
#6 {main}
CRITICAL - 2020-07-11 19:57:10 --> syntax error, unexpected '<'
#0 F:\jellycms\system\Common.php(1087): CodeIgniter\View\View->render('html/index.html', Array, true)
#1 F:\jellycms\app\home\Controllers\Index.php(27): view('html/index.html', Array)
#2 F:\jellycms\system\CodeIgniter.php(914): App\Controllers\Index->index()
#3 F:\jellycms\system\CodeIgniter.php(400): CodeIgniter\CodeIgniter->runController(Object(App\Controllers\Index))
#4 F:\jellycms\system\CodeIgniter.php(308): CodeIgniter\CodeIgniter->handleRequest(NULL, Object(Config\Cache), false)
#5 F:\jellycms\index.php(20): CodeIgniter\CodeIgniter->run()
#6 {main}
CRITICAL - 2020-07-11 19:57:12 --> syntax error, unexpected '<'
#0 F:\jellycms\system\Common.php(1087): CodeIgniter\View\View->render('html/index.html', Array, true)
#1 F:\jellycms\app\home\Controllers\Index.php(27): view('html/index.html', Array)
#2 F:\jellycms\system\CodeIgniter.php(914): App\Controllers\Index->index()
#3 F:\jellycms\system\CodeIgniter.php(400): CodeIgniter\CodeIgniter->runController(Object(App\Controllers\Index))
#4 F:\jellycms\system\CodeIgniter.php(308): CodeIgniter\CodeIgniter->handleRequest(NULL, Object(Config\Cache), false)
#5 F:\jellycms\index.php(20): CodeIgniter\CodeIgniter->run()
#6 {main}
CRITICAL - 2020-07-11 19:57:14 --> syntax error, unexpected '<'
#0 F:\jellycms\system\Common.php(1087): CodeIgniter\View\View->render('html/index.html', Array, true)
#1 F:\jellycms\app\home\Controllers\Index.php(27): view('html/index.html', Array)
#2 F:\jellycms\system\CodeIgniter.php(914): App\Controllers\Index->index()
#3 F:\jellycms\system\CodeIgniter.php(400): CodeIgniter\CodeIgniter->runController(Object(App\Controllers\Index))
#4 F:\jellycms\system\CodeIgniter.php(308): CodeIgniter\CodeIgniter->handleRequest(NULL, Object(Config\Cache), false)
#5 F:\jellycms\index.php(20): CodeIgniter\CodeIgniter->run()
#6 {main}
CRITICAL - 2020-07-11 22:23:21 --> syntax error, unexpected '!'
#0 F:\jellycms\system\Autoloader\Autoloader.php(296): CodeIgniter\Autoloader\Autoloader->requireFile('F:\\jellycms\\app...')
#1 F:\jellycms\system\Autoloader\Autoloader.php(258): CodeIgniter\Autoloader\Autoloader->loadInNamespace('App\\Models\\Pars...')
#2 [internal function]: CodeIgniter\Autoloader\Autoloader->loadClass('App\\Models\\Pars...')
#3 F:\jellycms\system\View\View.php(244) : eval()'d code(1): spl_autoload_call('App\\Models\\Pars...')
#4 F:\jellycms\system\View\View.php(244): eval()
#5 F:\jellycms\system\Common.php(1087): CodeIgniter\View\View->render('html/index.html', Array, true)
#6 F:\jellycms\app\home\Controllers\Index.php(27): view('html/index.html', Array)
#7 F:\jellycms\system\CodeIgniter.php(914): App\Controllers\Index->index()
#8 F:\jellycms\system\CodeIgniter.php(400): CodeIgniter\CodeIgniter->runController(Object(App\Controllers\Index))
#9 F:\jellycms\system\CodeIgniter.php(308): CodeIgniter\CodeIgniter->handleRequest(NULL, Object(Config\Cache), false)
#10 F:\jellycms\index.php(20): CodeIgniter\CodeIgniter->run()
#11 {main}
CRITICAL - 2020-07-11 22:30:04 --> Call to undefined function App\Models\error()
#0 F:\jellycms\system\View\View.php(244) : eval()'d code(32): App\Models\ParseModel->getSlide(NULL)
#1 F:\jellycms\system\View\View.php(244): eval()
#2 F:\jellycms\system\Common.php(1087): CodeIgniter\View\View->render('html/index.html', Array, true)
#3 F:\jellycms\app\home\Controllers\Index.php(27): view('html/index.html', Array)
#4 F:\jellycms\system\CodeIgniter.php(914): App\Controllers\Index->index()
#5 F:\jellycms\system\CodeIgniter.php(400): CodeIgniter\CodeIgniter->runController(Object(App\Controllers\Index))
#6 F:\jellycms\system\CodeIgniter.php(308): CodeIgniter\CodeIgniter->handleRequest(NULL, Object(Config\Cache), false)
#7 F:\jellycms\index.php(20): CodeIgniter\CodeIgniter->run()
#8 {main}
