CRITICAL - 2020-07-10 22:46:11 --> 由于连接方在一段时间后没有正确答复或连接的主机没有反应，连接尝试失败。

#0 F:\jellycms\system\Database\BaseConnection.php(377): CodeIgniter\Database\MySQLi\Connection->connect(false)
#1 F:\jellycms\system\Database\BaseConnection.php(643): CodeIgniter\Database\BaseConnection->initialize()
#2 F:\jellycms\system\Database\BaseBuilder.php(1845): CodeIgniter\Database\BaseConnection->query('SELECT *\nFROM `...', Array, false)
#3 F:\jellycms\app\home\Models\IndexModel.php(12): CodeIgniter\Database\BaseBuilder->get()
#4 F:\jellycms\app\home\Controllers\Index.php(15): App\Models\IndexModel->getDefaultArea()
#5 F:\jellycms\system\CodeIgniter.php(886): App\Controllers\Index->__construct()
#6 F:\jellycms\system\CodeIgniter.php(395): CodeIgniter\CodeIgniter->createController()
#7 F:\jellycms\system\CodeIgniter.php(308): CodeIgniter\CodeIgniter->handleRequest(NULL, Object(Config\Cache), false)
#8 F:\jellycms\index.php(20): CodeIgniter\CodeIgniter->run()
#9 {main}
CRITICAL - 2020-07-10 22:46:21 --> 由于连接方在一段时间后没有正确答复或连接的主机没有反应，连接尝试失败。

#0 F:\jellycms\system\Database\BaseConnection.php(377): CodeIgniter\Database\MySQLi\Connection->connect(false)
#1 F:\jellycms\system\Database\BaseConnection.php(643): CodeIgniter\Database\BaseConnection->initialize()
#2 F:\jellycms\system\Database\BaseBuilder.php(1845): CodeIgniter\Database\BaseConnection->query('SELECT *\nFROM `...', Array, false)
#3 F:\jellycms\app\home\Models\IndexModel.php(12): CodeIgniter\Database\BaseBuilder->get()
#4 F:\jellycms\app\home\Controllers\Index.php(15): App\Models\IndexModel->getDefaultArea()
#5 F:\jellycms\system\CodeIgniter.php(886): App\Controllers\Index->__construct()
#6 F:\jellycms\system\CodeIgniter.php(395): CodeIgniter\CodeIgniter->createController()
#7 F:\jellycms\system\CodeIgniter.php(308): CodeIgniter\CodeIgniter->handleRequest(NULL, Object(Config\Cache), false)
#8 F:\jellycms\index.php(20): CodeIgniter\CodeIgniter->run()
#9 {main}
CRITICAL - 2020-07-10 22:46:31 --> 由于连接方在一段时间后没有正确答复或连接的主机没有反应，连接尝试失败。

#0 F:\jellycms\system\Database\BaseConnection.php(377): CodeIgniter\Database\MySQLi\Connection->connect(false)
#1 F:\jellycms\system\Database\BaseConnection.php(643): CodeIgniter\Database\BaseConnection->initialize()
#2 F:\jellycms\system\Database\BaseBuilder.php(1845): CodeIgniter\Database\BaseConnection->query('SELECT *\nFROM `...', Array, false)
#3 F:\jellycms\app\home\Models\IndexModel.php(12): CodeIgniter\Database\BaseBuilder->get()
#4 F:\jellycms\app\home\Controllers\Index.php(15): App\Models\IndexModel->getDefaultArea()
#5 F:\jellycms\system\CodeIgniter.php(886): App\Controllers\Index->__construct()
#6 F:\jellycms\system\CodeIgniter.php(395): CodeIgniter\CodeIgniter->createController()
#7 F:\jellycms\system\CodeIgniter.php(308): CodeIgniter\CodeIgniter->handleRequest(NULL, Object(Config\Cache), false)
#8 F:\jellycms\index.php(20): CodeIgniter\CodeIgniter->run()
#9 {main}
CRITICAL - 2020-07-10 22:46:41 --> 由于连接方在一段时间后没有正确答复或连接的主机没有反应，连接尝试失败。

#0 F:\jellycms\system\Database\BaseConnection.php(377): CodeIgniter\Database\MySQLi\Connection->connect(false)
#1 F:\jellycms\system\Database\BaseConnection.php(643): CodeIgniter\Database\BaseConnection->initialize()
#2 F:\jellycms\system\Database\BaseBuilder.php(1845): CodeIgniter\Database\BaseConnection->query('SELECT *\nFROM `...', Array, false)
#3 F:\jellycms\app\home\Models\IndexModel.php(12): CodeIgniter\Database\BaseBuilder->get()
#4 F:\jellycms\app\home\Controllers\Index.php(15): App\Models\IndexModel->getDefaultArea()
#5 F:\jellycms\system\CodeIgniter.php(886): App\Controllers\Index->__construct()
#6 F:\jellycms\system\CodeIgniter.php(395): CodeIgniter\CodeIgniter->createController()
#7 F:\jellycms\system\CodeIgniter.php(308): CodeIgniter\CodeIgniter->handleRequest(NULL, Object(Config\Cache), false)
#8 F:\jellycms\index.php(20): CodeIgniter\CodeIgniter->run()
#9 {main}
CRITICAL - 2020-07-10 22:46:51 --> 由于连接方在一段时间后没有正确答复或连接的主机没有反应，连接尝试失败。

#0 F:\jellycms\system\Database\BaseConnection.php(377): CodeIgniter\Database\MySQLi\Connection->connect(false)
#1 F:\jellycms\system\Database\BaseConnection.php(643): CodeIgniter\Database\BaseConnection->initialize()
#2 F:\jellycms\system\Database\BaseBuilder.php(1845): CodeIgniter\Database\BaseConnection->query('SELECT *\nFROM `...', Array, false)
#3 F:\jellycms\app\home\Models\IndexModel.php(12): CodeIgniter\Database\BaseBuilder->get()
#4 F:\jellycms\app\home\Controllers\Index.php(15): App\Models\IndexModel->getDefaultArea()
#5 F:\jellycms\system\CodeIgniter.php(886): App\Controllers\Index->__construct()
#6 F:\jellycms\system\CodeIgniter.php(395): CodeIgniter\CodeIgniter->createController()
#7 F:\jellycms\system\CodeIgniter.php(308): CodeIgniter\CodeIgniter->handleRequest(NULL, Object(Config\Cache), false)
#8 F:\jellycms\index.php(20): CodeIgniter\CodeIgniter->run()
#9 {main}
CRITICAL - 2020-07-10 22:47:04 --> 由于连接方在一段时间后没有正确答复或连接的主机没有反应，连接尝试失败。

#0 F:\jellycms\system\Database\BaseConnection.php(377): CodeIgniter\Database\MySQLi\Connection->connect(false)
#1 F:\jellycms\system\Database\BaseConnection.php(643): CodeIgniter\Database\BaseConnection->initialize()
#2 F:\jellycms\system\Database\BaseBuilder.php(1845): CodeIgniter\Database\BaseConnection->query('SELECT *\nFROM `...', Array, false)
#3 F:\jellycms\app\home\Models\IndexModel.php(12): CodeIgniter\Database\BaseBuilder->get()
#4 F:\jellycms\app\home\Controllers\Index.php(15): App\Models\IndexModel->getDefaultArea()
#5 F:\jellycms\system\CodeIgniter.php(886): App\Controllers\Index->__construct()
#6 F:\jellycms\system\CodeIgniter.php(395): CodeIgniter\CodeIgniter->createController()
#7 F:\jellycms\system\CodeIgniter.php(308): CodeIgniter\CodeIgniter->handleRequest(NULL, Object(Config\Cache), false)
#8 F:\jellycms\index.php(20): CodeIgniter\CodeIgniter->run()
#9 {main}
CRITICAL - 2020-07-10 22:47:32 --> 由于连接方在一段时间后没有正确答复或连接的主机没有反应，连接尝试失败。

#0 F:\jellycms\system\Database\BaseConnection.php(377): CodeIgniter\Database\MySQLi\Connection->connect(false)
#1 F:\jellycms\system\Database\BaseConnection.php(643): CodeIgniter\Database\BaseConnection->initialize()
#2 F:\jellycms\system\Database\BaseBuilder.php(1845): CodeIgniter\Database\BaseConnection->query('SELECT *\nFROM `...', Array, false)
#3 F:\jellycms\app\home\Models\IndexModel.php(12): CodeIgniter\Database\BaseBuilder->get()
#4 F:\jellycms\app\home\Controllers\Index.php(15): App\Models\IndexModel->getDefaultArea()
#5 F:\jellycms\system\CodeIgniter.php(886): App\Controllers\Index->__construct()
#6 F:\jellycms\system\CodeIgniter.php(395): CodeIgniter\CodeIgniter->createController()
#7 F:\jellycms\system\CodeIgniter.php(308): CodeIgniter\CodeIgniter->handleRequest(NULL, Object(Config\Cache), false)
#8 F:\jellycms\index.php(20): CodeIgniter\CodeIgniter->run()
#9 {main}
CRITICAL - 2020-07-10 23:19:21 --> Too few arguments to function App\Controllers\Content::contentEdit(), 0 passed in F:\jellycms\system\CodeIgniter.php on line 914 and exactly 2 expected
#0 F:\jellycms\system\CodeIgniter.php(914): App\Controllers\Content->contentEdit()
#1 F:\jellycms\system\CodeIgniter.php(400): CodeIgniter\CodeIgniter->runController(Object(App\Controllers\Content))
#2 F:\jellycms\system\CodeIgniter.php(308): CodeIgniter\CodeIgniter->handleRequest(NULL, Object(Config\Cache), false)
#3 F:\jellycms\admin.php(18): CodeIgniter\CodeIgniter->run()
#4 {main}
